{"/Users/sai/Documents/Projects/Vue.js/tv-shows/src/App.vue": {"path":"/Users/sai/Documents/Projects/Vue.js/tv-shows/src/App.vue","statementMap":{"0":{"start":{"line":15,"column":0},"end":{"line":15,"column":null}},"1":{"start":{"line":16,"column":0},"end":{"line":16,"column":null}},"2":{"start":{"line":17,"column":0},"end":{"line":17,"column":null}},"3":{"start":{"line":18,"column":0},"end":{"line":18,"column":null}},"4":{"start":{"line":29,"column":0},"end":{"line":29,"column":null}},"5":{"start":{"line":35,"column":0},"end":{"line":35,"column":null}}},"fnMap":{"0":{"name":"(anonymous_1)","decl":{"start":{"line":28,"column":0},"end":{"line":28,"column":null}},"loc":{"start":{"line":28,"column":0},"end":{"line":30,"column":null}}},"1":{"name":"(anonymous_2)","decl":{"start":{"line":35,"column":0},"end":{"line":35,"column":null}},"loc":{"start":{"line":35,"column":0},"end":{"line":35,"column":null}}}},"branchMap":{},"s":{"0":1,"1":1,"2":1,"3":1,"4":0,"5":6},"f":{"0":0,"1":6},"b":{}}
,"/Users/sai/Documents/Projects/Vue.js/tv-shows/src/api/index.js": {"path":"/Users/sai/Documents/Projects/Vue.js/tv-shows/src/api/index.js","statementMap":{"0":{"start":{"line":4,"column":12},"end":{"line":11,"column":2}},"1":{"start":{"line":13,"column":0},"end":{"line":33,"column":1}},"2":{"start":{"line":15,"column":4},"end":{"line":19,"column":5}},"3":{"start":{"line":16,"column":6},"end":{"line":16,"column":38}},"4":{"start":{"line":18,"column":6},"end":{"line":18,"column":37}},"5":{"start":{"line":22,"column":15},"end":{"line":22,"column":21}},"6":{"start":{"line":23,"column":4},"end":{"line":31,"column":5}},"7":{"start":{"line":24,"column":6},"end":{"line":29,"column":7}},"8":{"start":{"line":26,"column":10},"end":{"line":26,"column":23}},"9":{"start":{"line":27,"column":10},"end":{"line":27,"column":27}},"10":{"start":{"line":28,"column":10},"end":{"line":28,"column":15}},"11":{"start":{"line":30,"column":6},"end":{"line":30,"column":43}}},"fnMap":{"0":{"name":"(anonymous_0)","decl":{"start":{"line":14,"column":2},"end":{"line":14,"column":3}},"loc":{"start":{"line":14,"column":14},"end":{"line":20,"column":3}},"line":14},"1":{"name":"(anonymous_1)","decl":{"start":{"line":21,"column":2},"end":{"line":21,"column":3}},"loc":{"start":{"line":21,"column":11},"end":{"line":32,"column":3}},"line":21}},"branchMap":{"0":{"loc":{"start":{"line":15,"column":4},"end":{"line":19,"column":5}},"type":"if","locations":[{"start":{"line":15,"column":4},"end":{"line":19,"column":5}},{"start":{"line":15,"column":4},"end":{"line":19,"column":5}}],"line":15},"1":{"loc":{"start":{"line":23,"column":4},"end":{"line":31,"column":5}},"type":"if","locations":[{"start":{"line":23,"column":4},"end":{"line":31,"column":5}},{"start":{"line":23,"column":4},"end":{"line":31,"column":5}}],"line":23},"2":{"loc":{"start":{"line":24,"column":6},"end":{"line":29,"column":7}},"type":"switch","locations":[{"start":{"line":25,"column":8},"end":{"line":28,"column":15}}],"line":24}},"s":{"0":10,"1":10,"2":1,"3":1,"4":0,"5":1,"6":1,"7":1,"8":1,"9":1,"10":1,"11":1},"f":{"0":1,"1":1},"b":{"0":[1,0],"1":[1,0],"2":[1]},"_coverageSchema":"43e27e138ebf9cfc5966b082cf9a028302ed4184","hash":"9bb2978453177947d13c530b869bcb19ac4e3301"}
,"/Users/sai/Documents/Projects/Vue.js/tv-shows/src/api/search.api.js": {"path":"/Users/sai/Documents/Projects/Vue.js/tv-shows/src/api/search.api.js","statementMap":{"0":{"start":{"line":3,"column":18},"end":{"line":3,"column":36}},"1":{"start":{"line":7,"column":2},"end":{"line":7,"column":40}}},"fnMap":{"0":{"name":"getSearchShowsData","decl":{"start":{"line":6,"column":9},"end":{"line":6,"column":27}},"loc":{"start":{"line":6,"column":36},"end":{"line":8,"column":1}},"line":6}},"branchMap":{},"s":{"0":2,"1":1},"f":{"0":1},"b":{},"_coverageSchema":"43e27e138ebf9cfc5966b082cf9a028302ed4184","hash":"c895edb5a24420015eb8ba2963baf9c550017b53"}
,"/Users/sai/Documents/Projects/Vue.js/tv-shows/src/api/shows.api.js": {"path":"/Users/sai/Documents/Projects/Vue.js/tv-shows/src/api/shows.api.js","statementMap":{"0":{"start":{"line":3,"column":18},"end":{"line":3,"column":26}},"1":{"start":{"line":7,"column":2},"end":{"line":7,"column":27}},"2":{"start":{"line":12,"column":2},"end":{"line":12,"column":84}},"3":{"start":{"line":17,"column":2},"end":{"line":17,"column":49}}},"fnMap":{"0":{"name":"getAllShows","decl":{"start":{"line":6,"column":9},"end":{"line":6,"column":20}},"loc":{"start":{"line":6,"column":24},"end":{"line":8,"column":1}},"line":6},"1":{"name":"getShow","decl":{"start":{"line":11,"column":9},"end":{"line":11,"column":16}},"loc":{"start":{"line":11,"column":26},"end":{"line":13,"column":1}},"line":11},"2":{"name":"getShowImages","decl":{"start":{"line":16,"column":9},"end":{"line":16,"column":22}},"loc":{"start":{"line":16,"column":32},"end":{"line":18,"column":1}},"line":16}},"branchMap":{},"s":{"0":3,"1":1,"2":1,"3":1},"f":{"0":1,"1":1,"2":1},"b":{},"_coverageSchema":"43e27e138ebf9cfc5966b082cf9a028302ed4184","hash":"78ab7c8e5a9bbc768751e1af7108bd0736a4a6de"}
,"/Users/sai/Documents/Projects/Vue.js/tv-shows/src/components/FeaturedShows.vue": {"path":"/Users/sai/Documents/Projects/Vue.js/tv-shows/src/components/FeaturedShows.vue","statementMap":{"0":{"start":{"line":67,"column":0},"end":{"line":67,"column":null}}},"fnMap":{"0":{"name":"(anonymous_1)","decl":{"start":{"line":66,"column":0},"end":{"line":66,"column":null}},"loc":{"start":{"line":66,"column":0},"end":{"line":79,"column":null}}}},"branchMap":{},"s":{"0":1},"f":{"0":1},"b":{}}
,"/Users/sai/Documents/Projects/Vue.js/tv-shows/src/components/Header.vue": {"path":"/Users/sai/Documents/Projects/Vue.js/tv-shows/src/components/Header.vue","statementMap":{"0":{"start":{"line":44,"column":0},"end":{"line":44,"column":null}},"1":{"start":{"line":48,"column":0},"end":{"line":48,"column":null}}},"fnMap":{"0":{"name":"(anonymous_1)","decl":{"start":{"line":48,"column":0},"end":{"line":48,"column":null}},"loc":{"start":{"line":48,"column":0},"end":{"line":48,"column":null}}}},"branchMap":{},"s":{"0":2,"1":1},"f":{"0":1},"b":{}}
,"/Users/sai/Documents/Projects/Vue.js/tv-shows/src/components/Search.vue": {"path":"/Users/sai/Documents/Projects/Vue.js/tv-shows/src/components/Search.vue","statementMap":{"0":{"start":{"line":58,"column":0},"end":{"line":58,"column":null}},"1":{"start":{"line":59,"column":0},"end":{"line":59,"column":null}},"2":{"start":{"line":60,"column":0},"end":{"line":60,"column":null}},"3":{"start":{"line":67,"column":0},"end":{"line":67,"column":null}},"4":{"start":{"line":79,"column":0},"end":{"line":79,"column":null}},"5":{"start":{"line":80,"column":0},"end":{"line":80,"column":null}},"6":{"start":{"line":81,"column":0},"end":{"line":81,"column":null}},"7":{"start":{"line":84,"column":0},"end":{"line":84,"column":null}},"8":{"start":{"line":85,"column":0},"end":{"line":85,"column":null}},"9":{"start":{"line":86,"column":0},"end":{"line":88,"column":null}},"10":{"start":{"line":87,"column":0},"end":{"line":87,"column":null}},"11":{"start":{"line":91,"column":0},"end":{"line":96,"column":null}},"12":{"start":{"line":92,"column":0},"end":{"line":92,"column":null}},"13":{"start":{"line":94,"column":0},"end":{"line":94,"column":null}},"14":{"start":{"line":95,"column":0},"end":{"line":95,"column":null}}},"fnMap":{"0":{"name":"(anonymous_1)","decl":{"start":{"line":67,"column":0},"end":{"line":67,"column":null}},"loc":{"start":{"line":67,"column":0},"end":{"line":67,"column":null}}},"1":{"name":"(anonymous_2)","decl":{"start":{"line":78,"column":0},"end":{"line":78,"column":null}},"loc":{"start":{"line":78,"column":0},"end":{"line":82,"column":null}}},"2":{"name":"(anonymous_3)","decl":{"start":{"line":83,"column":0},"end":{"line":83,"column":null}},"loc":{"start":{"line":83,"column":0},"end":{"line":89,"column":null}}},"3":{"name":"(anonymous_4)","decl":{"start":{"line":86,"column":0},"end":{"line":86,"column":null}},"loc":{"start":{"line":86,"column":0},"end":{"line":88,"column":null}}},"4":{"name":"(anonymous_5)","decl":{"start":{"line":90,"column":0},"end":{"line":90,"column":null}},"loc":{"start":{"line":90,"column":0},"end":{"line":97,"column":null}}},"5":{"name":"(anonymous_6)","decl":{"start":{"line":92,"column":0},"end":{"line":92,"column":null}},"loc":{"start":{"line":92,"column":0},"end":{"line":92,"column":null}}}},"branchMap":{"0":{"loc":{"start":{"line":91,"column":0},"end":{"line":96,"column":null}},"type":"if","locations":[{"start":{"line":91,"column":0},"end":{"line":96,"column":null}},{"start":{"line":91,"column":0},"end":{"line":96,"column":null}}]}},"s":{"0":2,"1":2,"2":2,"3":5,"4":1,"5":1,"6":1,"7":1,"8":1,"9":1,"10":1,"11":3,"12":1,"13":2,"14":2},"f":{"0":5,"1":1,"2":1,"3":1,"4":3,"5":0},"b":{"0":[1,2]}}
,"/Users/sai/Documents/Projects/Vue.js/tv-shows/src/components/ShowsCard.vue": {"path":"/Users/sai/Documents/Projects/Vue.js/tv-shows/src/components/ShowsCard.vue","statementMap":{"0":{"start":{"line":30,"column":0},"end":{"line":30,"column":null}},"1":{"start":{"line":36,"column":0},"end":{"line":36,"column":null}},"2":{"start":{"line":40,"column":0},"end":{"line":44,"column":null}},"3":{"start":{"line":41,"column":0},"end":{"line":41,"column":null}},"4":{"start":{"line":43,"column":0},"end":{"line":43,"column":null}}},"fnMap":{"0":{"name":"(anonymous_1)","decl":{"start":{"line":36,"column":0},"end":{"line":36,"column":null}},"loc":{"start":{"line":36,"column":0},"end":{"line":36,"column":null}}},"1":{"name":"(anonymous_2)","decl":{"start":{"line":39,"column":0},"end":{"line":39,"column":null}},"loc":{"start":{"line":39,"column":0},"end":{"line":45,"column":null}}}},"branchMap":{"0":{"loc":{"start":{"line":40,"column":0},"end":{"line":44,"column":null}},"type":"if","locations":[{"start":{"line":40,"column":0},"end":{"line":44,"column":null}},{"start":{"line":40,"column":0},"end":{"line":44,"column":null}}]}},"s":{"0":10,"1":2,"2":2,"3":0,"4":2},"f":{"0":2,"1":2},"b":{"0":[0,2]}}
,"/Users/sai/Documents/Projects/Vue.js/tv-shows/src/pages/PageNotFound.vue": {"path":"/Users/sai/Documents/Projects/Vue.js/tv-shows/src/pages/PageNotFound.vue","statementMap":{"0":{"start":{"line":21,"column":0},"end":{"line":21,"column":null}}},"fnMap":{"0":{"name":"(anonymous_1)","decl":{"start":{"line":21,"column":0},"end":{"line":21,"column":null}},"loc":{"start":{"line":21,"column":0},"end":{"line":21,"column":null}}}},"branchMap":{},"s":{"0":1},"f":{"0":1},"b":{}}
,"/Users/sai/Documents/Projects/Vue.js/tv-shows/src/pages/ShowDetail.vue": {"path":"/Users/sai/Documents/Projects/Vue.js/tv-shows/src/pages/ShowDetail.vue","statementMap":{"0":{"start":{"line":86,"column":0},"end":{"line":86,"column":null}},"1":{"start":{"line":87,"column":0},"end":{"line":87,"column":null}},"2":{"start":{"line":90,"column":0},"end":{"line":90,"column":null}},"3":{"start":{"line":100,"column":0},"end":{"line":100,"column":null}},"4":{"start":{"line":102,"column":0},"end":{"line":102,"column":null}},"5":{"start":{"line":105,"column":0},"end":{"line":105,"column":null}},"6":{"start":{"line":108,"column":0},"end":{"line":108,"column":null}},"7":{"start":{"line":110,"column":0},"end":{"line":110,"column":null}},"8":{"start":{"line":113,"column":0},"end":{"line":113,"column":null}},"9":{"start":{"line":117,"column":0},"end":{"line":117,"column":null}},"10":{"start":{"line":118,"column":0},"end":{"line":125,"column":null}},"11":{"start":{"line":119,"column":0},"end":{"line":119,"column":null}},"12":{"start":{"line":120,"column":0},"end":{"line":120,"column":null}},"13":{"start":{"line":121,"column":0},"end":{"line":121,"column":null}},"14":{"start":{"line":122,"column":0},"end":{"line":122,"column":null}},"15":{"start":{"line":124,"column":0},"end":{"line":124,"column":null}},"16":{"start":{"line":131,"column":0},"end":{"line":131,"column":null}},"17":{"start":{"line":132,"column":0},"end":{"line":140,"column":null}},"18":{"start":{"line":133,"column":0},"end":{"line":133,"column":null}},"19":{"start":{"line":134,"column":0},"end":{"line":134,"column":null}},"20":{"start":{"line":135,"column":0},"end":{"line":135,"column":null}},"21":{"start":{"line":136,"column":0},"end":{"line":136,"column":null}},"22":{"start":{"line":137,"column":0},"end":{"line":137,"column":null}},"23":{"start":{"line":139,"column":0},"end":{"line":139,"column":null}}},"fnMap":{"0":{"name":"(anonymous_1)","decl":{"start":{"line":90,"column":0},"end":{"line":90,"column":null}},"loc":{"start":{"line":90,"column":0},"end":{"line":90,"column":null}}},"1":{"name":"(anonymous_2)","decl":{"start":{"line":99,"column":0},"end":{"line":99,"column":null}},"loc":{"start":{"line":99,"column":0},"end":{"line":106,"column":null}}},"2":{"name":"(anonymous_3)","decl":{"start":{"line":102,"column":0},"end":{"line":102,"column":null}},"loc":{"start":{"line":102,"column":0},"end":{"line":102,"column":null}}},"3":{"name":"(anonymous_4)","decl":{"start":{"line":107,"column":0},"end":{"line":107,"column":null}},"loc":{"start":{"line":107,"column":0},"end":{"line":114,"column":null}}},"4":{"name":"(anonymous_5)","decl":{"start":{"line":110,"column":0},"end":{"line":110,"column":null}},"loc":{"start":{"line":110,"column":0},"end":{"line":110,"column":null}}},"5":{"name":"(anonymous_6)","decl":{"start":{"line":116,"column":0},"end":{"line":116,"column":null}},"loc":{"start":{"line":116,"column":0},"end":{"line":126,"column":null}}},"6":{"name":"(anonymous_7)","decl":{"start":{"line":130,"column":0},"end":{"line":130,"column":null}},"loc":{"start":{"line":130,"column":0},"end":{"line":141,"column":null}}}},"branchMap":{"0":{"loc":{"start":{"line":100,"column":0},"end":{"line":100,"column":null}},"type":"if","locations":[{"start":{"line":100,"column":0},"end":{"line":100,"column":null}},{"start":{"line":100,"column":0},"end":{"line":100,"column":null}}]},"1":{"loc":{"start":{"line":105,"column":0},"end":{"line":105,"column":null}},"type":"cond-expr","locations":[{"start":{"line":105,"column":0},"end":{"line":105,"column":null}},{"start":{"line":105,"column":0},"end":{"line":105,"column":null}}]},"2":{"loc":{"start":{"line":108,"column":0},"end":{"line":108,"column":null}},"type":"if","locations":[{"start":{"line":108,"column":0},"end":{"line":108,"column":null}},{"start":{"line":108,"column":0},"end":{"line":108,"column":null}}]},"3":{"loc":{"start":{"line":113,"column":0},"end":{"line":113,"column":null}},"type":"cond-expr","locations":[{"start":{"line":113,"column":0},"end":{"line":113,"column":null}},{"start":{"line":113,"column":0},"end":{"line":113,"column":null}}]},"4":{"loc":{"start":{"line":118,"column":0},"end":{"line":125,"column":null}},"type":"if","locations":[{"start":{"line":118,"column":0},"end":{"line":125,"column":null}},{"start":{"line":118,"column":0},"end":{"line":125,"column":null}}]},"5":{"loc":{"start":{"line":132,"column":0},"end":{"line":140,"column":null}},"type":"if","locations":[{"start":{"line":132,"column":0},"end":{"line":140,"column":null}},{"start":{"line":132,"column":0},"end":{"line":140,"column":null}}]}},"s":{"0":1,"1":1,"2":8,"3":9,"4":19,"5":7,"6":9,"7":19,"8":7,"9":8,"10":8,"11":0,"12":0,"13":0,"14":0,"15":8,"16":1,"17":1,"18":1,"19":1,"20":1,"21":1,"22":1,"23":0},"f":{"0":8,"1":8,"2":12,"3":8,"4":12,"5":8,"6":1},"b":{"0":[1,7],"1":[6,1],"2":[1,7],"3":[6,1],"4":[0,8],"5":[1,0]}}
,"/Users/sai/Documents/Projects/Vue.js/tv-shows/src/pages/Shows.vue": {"path":"/Users/sai/Documents/Projects/Vue.js/tv-shows/src/pages/Shows.vue","statementMap":{"0":{"start":{"line":42,"column":0},"end":{"line":42,"column":null}},"1":{"start":{"line":43,"column":0},"end":{"line":43,"column":null}},"2":{"start":{"line":44,"column":0},"end":{"line":44,"column":null}},"3":{"start":{"line":45,"column":0},"end":{"line":45,"column":null}},"4":{"start":{"line":53,"column":0},"end":{"line":53,"column":null}},"5":{"start":{"line":60,"column":0},"end":{"line":60,"column":null}},"6":{"start":{"line":64,"column":0},"end":{"line":68,"column":null}},"7":{"start":{"line":65,"column":0},"end":{"line":65,"column":null}},"8":{"start":{"line":66,"column":0},"end":{"line":66,"column":null}},"9":{"start":{"line":67,"column":0},"end":{"line":67,"column":null}},"10":{"start":{"line":73,"column":0},"end":{"line":73,"column":null}}},"fnMap":{"0":{"name":"(anonymous_1)","decl":{"start":{"line":53,"column":0},"end":{"line":53,"column":null}},"loc":{"start":{"line":53,"column":0},"end":{"line":53,"column":null}}},"1":{"name":"(anonymous_2)","decl":{"start":{"line":59,"column":0},"end":{"line":59,"column":null}},"loc":{"start":{"line":59,"column":0},"end":{"line":61,"column":null}}},"2":{"name":"(anonymous_3)","decl":{"start":{"line":63,"column":0},"end":{"line":63,"column":null}},"loc":{"start":{"line":63,"column":0},"end":{"line":69,"column":null}}},"3":{"name":"(anonymous_4)","decl":{"start":{"line":72,"column":0},"end":{"line":72,"column":null}},"loc":{"start":{"line":72,"column":0},"end":{"line":76,"column":null}}},"4":{"name":"(anonymous_5)","decl":{"start":{"line":73,"column":0},"end":{"line":73,"column":null}},"loc":{"start":{"line":73,"column":0},"end":{"line":73,"column":null}}}},"branchMap":{"0":{"loc":{"start":{"line":64,"column":0},"end":{"line":68,"column":null}},"type":"if","locations":[{"start":{"line":64,"column":0},"end":{"line":68,"column":null}},{"start":{"line":64,"column":0},"end":{"line":68,"column":null}}]},"1":{"loc":{"start":{"line":73,"column":0},"end":{"line":73,"column":null}},"type":"binary-expr","locations":[{"start":{"line":73,"column":0},"end":{"line":73,"column":null}},{"start":{"line":73,"column":0},"end":{"line":73,"column":null}}]}},"s":{"0":10,"1":10,"2":10,"3":10,"4":3,"5":3,"6":3,"7":1,"8":1,"9":1,"10":11},"f":{"0":3,"1":3,"2":3,"3":5,"4":6},"b":{"0":[1,2],"1":[3,3]}}
,"/Users/sai/Documents/Projects/Vue.js/tv-shows/src/router/index.js": {"path":"/Users/sai/Documents/Projects/Vue.js/tv-shows/src/router/index.js","statementMap":{"0":{"start":{"line":5,"column":0},"end":{"line":5,"column":18}},"1":{"start":{"line":6,"column":15},"end":{"line":25,"column":1}},"2":{"start":{"line":17,"column":6},"end":{"line":17,"column":76}},"3":{"start":{"line":23,"column":6},"end":{"line":23,"column":77}},"4":{"start":{"line":27,"column":15},"end":{"line":31,"column":2}}},"fnMap":{"0":{"name":"(anonymous_0)","decl":{"start":{"line":16,"column":15},"end":{"line":16,"column":16}},"loc":{"start":{"line":17,"column":6},"end":{"line":17,"column":76}},"line":17},"1":{"name":"(anonymous_1)","decl":{"start":{"line":22,"column":15},"end":{"line":22,"column":16}},"loc":{"start":{"line":23,"column":6},"end":{"line":23,"column":77}},"line":23}},"branchMap":{},"s":{"0":10,"1":10,"2":2,"3":0,"4":10},"f":{"0":2,"1":0},"b":{},"_coverageSchema":"43e27e138ebf9cfc5966b082cf9a028302ed4184","hash":"a97ecff3ce28ccc83d7b9418532cb9e9b9ddcf5b"}
,"/Users/sai/Documents/Projects/Vue.js/tv-shows/src/store/index.js": {"path":"/Users/sai/Documents/Projects/Vue.js/tv-shows/src/store/index.js","statementMap":{"0":{"start":{"line":8,"column":0},"end":{"line":8,"column":13}}},"fnMap":{},"branchMap":{},"s":{"0":2},"f":{},"b":{},"_coverageSchema":"43e27e138ebf9cfc5966b082cf9a028302ed4184","hash":"b93874e67bb494943c53358124a12172f3ea772c"}
,"/Users/sai/Documents/Projects/Vue.js/tv-shows/src/store/modules/search.js": {"path":"/Users/sai/Documents/Projects/Vue.js/tv-shows/src/store/modules/search.js","statementMap":{"0":{"start":{"line":1,"column":14},"end":{"line":3,"column":1}},"1":{"start":{"line":5,"column":16},"end":{"line":9,"column":1}},"2":{"start":{"line":7,"column":4},"end":{"line":7,"column":27}},"3":{"start":{"line":11,"column":18},"end":{"line":15,"column":1}},"4":{"start":{"line":13,"column":4},"end":{"line":13,"column":27}}},"fnMap":{"0":{"name":"(anonymous_0)","decl":{"start":{"line":6,"column":2},"end":{"line":6,"column":3}},"loc":{"start":{"line":6,"column":24},"end":{"line":8,"column":3}},"line":6},"1":{"name":"(anonymous_1)","decl":{"start":{"line":12,"column":2},"end":{"line":12,"column":3}},"loc":{"start":{"line":12,"column":31},"end":{"line":14,"column":3}},"line":12}},"branchMap":{},"s":{"0":2,"1":2,"2":1,"3":2,"4":1},"f":{"0":1,"1":1},"b":{},"_coverageSchema":"43e27e138ebf9cfc5966b082cf9a028302ed4184","hash":"fe381c75bcbe281ebb0d555d98f2eca456bd0515"}
,"/Users/sai/Documents/Projects/Vue.js/tv-shows/src/store/modules/shows.js": {"path":"/Users/sai/Documents/Projects/Vue.js/tv-shows/src/store/modules/shows.js","statementMap":{"0":{"start":{"line":11,"column":14},"end":{"line":16,"column":1}},"1":{"start":{"line":18,"column":16},"end":{"line":31,"column":1}},"2":{"start":{"line":20,"column":4},"end":{"line":20,"column":22}},"3":{"start":{"line":23,"column":4},"end":{"line":23,"column":23}},"4":{"start":{"line":26,"column":4},"end":{"line":26,"column":25}},"5":{"start":{"line":29,"column":4},"end":{"line":29,"column":27}},"6":{"start":{"line":33,"column":16},"end":{"line":59,"column":1}},"7":{"start":{"line":35,"column":4},"end":{"line":48,"column":6}},"8":{"start":{"line":36,"column":6},"end":{"line":41,"column":7}},"9":{"start":{"line":39,"column":10},"end":{"line":39,"column":70}},"10":{"start":{"line":42,"column":6},"end":{"line":47,"column":7}},"11":{"start":{"line":45,"column":33},"end":{"line":45,"column":56}},"12":{"start":{"line":46,"column":42},"end":{"line":46,"column":71}},"13":{"start":{"line":51,"column":4},"end":{"line":51,"column":79}},"14":{"start":{"line":51,"column":40},"end":{"line":51,"column":78}},"15":{"start":{"line":54,"column":4},"end":{"line":57,"column":5}},"16":{"start":{"line":55,"column":6},"end":{"line":55,"column":46}},"17":{"start":{"line":61,"column":18},"end":{"line":74,"column":1}},"18":{"start":{"line":63,"column":4},"end":{"line":63,"column":22}},"19":{"start":{"line":66,"column":4},"end":{"line":66,"column":23}},"20":{"start":{"line":69,"column":4},"end":{"line":69,"column":25}},"21":{"start":{"line":72,"column":4},"end":{"line":72,"column":27}}},"fnMap":{"0":{"name":"(anonymous_0)","decl":{"start":{"line":19,"column":2},"end":{"line":19,"column":3}},"loc":{"start":{"line":19,"column":19},"end":{"line":21,"column":3}},"line":19},"1":{"name":"(anonymous_1)","decl":{"start":{"line":22,"column":2},"end":{"line":22,"column":3}},"loc":{"start":{"line":22,"column":20},"end":{"line":24,"column":3}},"line":22},"2":{"name":"(anonymous_2)","decl":{"start":{"line":25,"column":2},"end":{"line":25,"column":3}},"loc":{"start":{"line":25,"column":22},"end":{"line":27,"column":3}},"line":25},"3":{"name":"(anonymous_3)","decl":{"start":{"line":28,"column":2},"end":{"line":28,"column":3}},"loc":{"start":{"line":28,"column":24},"end":{"line":30,"column":3}},"line":28},"4":{"name":"(anonymous_4)","decl":{"start":{"line":34,"column":2},"end":{"line":34,"column":3}},"loc":{"start":{"line":34,"column":32},"end":{"line":49,"column":3}},"line":34},"5":{"name":"(anonymous_5)","decl":{"start":{"line":35,"column":30},"end":{"line":35,"column":31}},"loc":{"start":{"line":35,"column":42},"end":{"line":48,"column":5}},"line":35},"6":{"name":"(anonymous_6)","decl":{"start":{"line":38,"column":27},"end":{"line":38,"column":28}},"loc":{"start":{"line":39,"column":10},"end":{"line":39,"column":70}},"line":39},"7":{"name":"(anonymous_7)","decl":{"start":{"line":45,"column":18},"end":{"line":45,"column":19}},"loc":{"start":{"line":45,"column":33},"end":{"line":45,"column":56}},"line":45},"8":{"name":"(anonymous_8)","decl":{"start":{"line":46,"column":18},"end":{"line":46,"column":19}},"loc":{"start":{"line":46,"column":42},"end":{"line":46,"column":71}},"line":46},"9":{"name":"(anonymous_9)","decl":{"start":{"line":50,"column":2},"end":{"line":50,"column":3}},"loc":{"start":{"line":50,"column":35},"end":{"line":52,"column":3}},"line":50},"10":{"name":"(anonymous_10)","decl":{"start":{"line":51,"column":28},"end":{"line":51,"column":29}},"loc":{"start":{"line":51,"column":40},"end":{"line":51,"column":78}},"line":51},"11":{"name":"(anonymous_11)","decl":{"start":{"line":53,"column":2},"end":{"line":53,"column":3}},"loc":{"start":{"line":53,"column":41},"end":{"line":58,"column":3}},"line":53},"12":{"name":"(anonymous_12)","decl":{"start":{"line":54,"column":34},"end":{"line":54,"column":35}},"loc":{"start":{"line":54,"column":48},"end":{"line":56,"column":5}},"line":54},"13":{"name":"(anonymous_13)","decl":{"start":{"line":62,"column":2},"end":{"line":62,"column":3}},"loc":{"start":{"line":62,"column":26},"end":{"line":64,"column":3}},"line":62},"14":{"name":"(anonymous_14)","decl":{"start":{"line":65,"column":2},"end":{"line":65,"column":3}},"loc":{"start":{"line":65,"column":27},"end":{"line":67,"column":3}},"line":65},"15":{"name":"(anonymous_15)","decl":{"start":{"line":68,"column":2},"end":{"line":68,"column":3}},"loc":{"start":{"line":68,"column":30},"end":{"line":70,"column":3}},"line":68},"16":{"name":"(anonymous_16)","decl":{"start":{"line":71,"column":2},"end":{"line":71,"column":3}},"loc":{"start":{"line":71,"column":32},"end":{"line":73,"column":3}},"line":71}},"branchMap":{"0":{"loc":{"start":{"line":39,"column":10},"end":{"line":39,"column":70}},"type":"cond-expr","locations":[{"start":{"line":39,"column":64},"end":{"line":39,"column":65}},{"start":{"line":39,"column":68},"end":{"line":39,"column":70}}],"line":39}},"s":{"0":3,"1":3,"2":0,"3":0,"4":0,"5":0,"6":3,"7":1,"8":0,"9":0,"10":0,"11":0,"12":0,"13":1,"14":0,"15":1,"16":0,"17":3,"18":1,"19":1,"20":1,"21":1},"f":{"0":0,"1":0,"2":0,"3":0,"4":1,"5":0,"6":0,"7":0,"8":0,"9":1,"10":0,"11":1,"12":0,"13":1,"14":1,"15":1,"16":1},"b":{"0":[0,0]},"_coverageSchema":"43e27e138ebf9cfc5966b082cf9a028302ed4184","hash":"1f9d31050f2b240a22963fee1d5f748054baa255"}
}
