{"/Users/sai/Documents/Projects/Vue.js/tv-shows/src/App.vue": {"path":"/Users/sai/Documents/Projects/Vue.js/tv-shows/src/App.vue","statementMap":{"0":{"start":{"line":14,"column":0},"end":{"line":14,"column":null}},"1":{"start":{"line":15,"column":0},"end":{"line":15,"column":null}},"2":{"start":{"line":23,"column":0},"end":{"line":23,"column":null}}},"fnMap":{"0":{"name":"(anonymous_1)","decl":{"start":{"line":23,"column":0},"end":{"line":23,"column":null}},"loc":{"start":{"line":23,"column":0},"end":{"line":23,"column":null}}}},"branchMap":{},"s":{"0":1,"1":1,"2":6},"f":{"0":6},"b":{}}
,"/Users/sai/Documents/Projects/Vue.js/tv-shows/src/api/index.js": {"path":"/Users/sai/Documents/Projects/Vue.js/tv-shows/src/api/index.js","statementMap":{"0":{"start":{"line":4,"column":12},"end":{"line":11,"column":2}},"1":{"start":{"line":13,"column":0},"end":{"line":33,"column":1}},"2":{"start":{"line":15,"column":4},"end":{"line":19,"column":5}},"3":{"start":{"line":16,"column":6},"end":{"line":16,"column":38}},"4":{"start":{"line":18,"column":6},"end":{"line":18,"column":37}},"5":{"start":{"line":22,"column":15},"end":{"line":22,"column":21}},"6":{"start":{"line":23,"column":4},"end":{"line":31,"column":5}},"7":{"start":{"line":24,"column":6},"end":{"line":29,"column":7}},"8":{"start":{"line":26,"column":10},"end":{"line":26,"column":23}},"9":{"start":{"line":27,"column":10},"end":{"line":27,"column":27}},"10":{"start":{"line":28,"column":10},"end":{"line":28,"column":15}},"11":{"start":{"line":30,"column":6},"end":{"line":30,"column":43}}},"fnMap":{"0":{"name":"(anonymous_0)","decl":{"start":{"line":14,"column":2},"end":{"line":14,"column":3}},"loc":{"start":{"line":14,"column":14},"end":{"line":20,"column":3}},"line":14},"1":{"name":"(anonymous_1)","decl":{"start":{"line":21,"column":2},"end":{"line":21,"column":3}},"loc":{"start":{"line":21,"column":11},"end":{"line":32,"column":3}},"line":21}},"branchMap":{"0":{"loc":{"start":{"line":15,"column":4},"end":{"line":19,"column":5}},"type":"if","locations":[{"start":{"line":15,"column":4},"end":{"line":19,"column":5}},{"start":{"line":15,"column":4},"end":{"line":19,"column":5}}],"line":15},"1":{"loc":{"start":{"line":23,"column":4},"end":{"line":31,"column":5}},"type":"if","locations":[{"start":{"line":23,"column":4},"end":{"line":31,"column":5}},{"start":{"line":23,"column":4},"end":{"line":31,"column":5}}],"line":23},"2":{"loc":{"start":{"line":24,"column":6},"end":{"line":29,"column":7}},"type":"switch","locations":[{"start":{"line":25,"column":8},"end":{"line":28,"column":15}}],"line":24}},"s":{"0":10,"1":10,"2":1,"3":1,"4":0,"5":1,"6":1,"7":1,"8":1,"9":1,"10":1,"11":1},"f":{"0":1,"1":1},"b":{"0":[1,0],"1":[1,0],"2":[1]},"_coverageSchema":"43e27e138ebf9cfc5966b082cf9a028302ed4184","hash":"9bb2978453177947d13c530b869bcb19ac4e3301"}
,"/Users/sai/Documents/Projects/Vue.js/tv-shows/src/api/search.api.js": {"path":"/Users/sai/Documents/Projects/Vue.js/tv-shows/src/api/search.api.js","statementMap":{"0":{"start":{"line":3,"column":18},"end":{"line":3,"column":36}},"1":{"start":{"line":7,"column":2},"end":{"line":7,"column":40}}},"fnMap":{"0":{"name":"getSearchShowsData","decl":{"start":{"line":6,"column":9},"end":{"line":6,"column":27}},"loc":{"start":{"line":6,"column":36},"end":{"line":8,"column":1}},"line":6}},"branchMap":{},"s":{"0":10,"1":1},"f":{"0":1},"b":{},"_coverageSchema":"43e27e138ebf9cfc5966b082cf9a028302ed4184","hash":"c895edb5a24420015eb8ba2963baf9c550017b53"}
,"/Users/sai/Documents/Projects/Vue.js/tv-shows/src/api/shows.api.js": {"path":"/Users/sai/Documents/Projects/Vue.js/tv-shows/src/api/shows.api.js","statementMap":{"0":{"start":{"line":3,"column":18},"end":{"line":3,"column":26}},"1":{"start":{"line":7,"column":2},"end":{"line":7,"column":27}},"2":{"start":{"line":12,"column":2},"end":{"line":12,"column":84}},"3":{"start":{"line":17,"column":2},"end":{"line":17,"column":49}}},"fnMap":{"0":{"name":"getAllShows","decl":{"start":{"line":6,"column":9},"end":{"line":6,"column":20}},"loc":{"start":{"line":6,"column":24},"end":{"line":8,"column":1}},"line":6},"1":{"name":"getShow","decl":{"start":{"line":11,"column":9},"end":{"line":11,"column":16}},"loc":{"start":{"line":11,"column":26},"end":{"line":13,"column":1}},"line":11},"2":{"name":"getShowImages","decl":{"start":{"line":16,"column":9},"end":{"line":16,"column":22}},"loc":{"start":{"line":16,"column":32},"end":{"line":18,"column":1}},"line":16}},"branchMap":{},"s":{"0":3,"1":1,"2":1,"3":1},"f":{"0":1,"1":1,"2":1},"b":{},"_coverageSchema":"43e27e138ebf9cfc5966b082cf9a028302ed4184","hash":"78ab7c8e5a9bbc768751e1af7108bd0736a4a6de"}
,"/Users/sai/Documents/Projects/Vue.js/tv-shows/src/components/FeaturedShows.vue": {"path":"/Users/sai/Documents/Projects/Vue.js/tv-shows/src/components/FeaturedShows.vue","statementMap":{"0":{"start":{"line":67,"column":0},"end":{"line":67,"column":null}}},"fnMap":{"0":{"name":"(anonymous_1)","decl":{"start":{"line":66,"column":0},"end":{"line":66,"column":null}},"loc":{"start":{"line":66,"column":0},"end":{"line":79,"column":null}}}},"branchMap":{},"s":{"0":1},"f":{"0":1},"b":{}}
,"/Users/sai/Documents/Projects/Vue.js/tv-shows/src/components/Header.vue": {"path":"/Users/sai/Documents/Projects/Vue.js/tv-shows/src/components/Header.vue","statementMap":{"0":{"start":{"line":48,"column":0},"end":{"line":48,"column":null}}},"fnMap":{"0":{"name":"(anonymous_1)","decl":{"start":{"line":48,"column":0},"end":{"line":48,"column":null}},"loc":{"start":{"line":48,"column":0},"end":{"line":48,"column":null}}}},"branchMap":{},"s":{"0":1},"f":{"0":1},"b":{}}
,"/Users/sai/Documents/Projects/Vue.js/tv-shows/src/components/ShowsCard.vue": {"path":"/Users/sai/Documents/Projects/Vue.js/tv-shows/src/components/ShowsCard.vue","statementMap":{"0":{"start":{"line":30,"column":0},"end":{"line":30,"column":null}},"1":{"start":{"line":36,"column":0},"end":{"line":36,"column":null}},"2":{"start":{"line":40,"column":0},"end":{"line":44,"column":null}},"3":{"start":{"line":41,"column":0},"end":{"line":41,"column":null}},"4":{"start":{"line":43,"column":0},"end":{"line":43,"column":null}}},"fnMap":{"0":{"name":"(anonymous_1)","decl":{"start":{"line":36,"column":0},"end":{"line":36,"column":null}},"loc":{"start":{"line":36,"column":0},"end":{"line":36,"column":null}}},"1":{"name":"(anonymous_2)","decl":{"start":{"line":39,"column":0},"end":{"line":39,"column":null}},"loc":{"start":{"line":39,"column":0},"end":{"line":45,"column":null}}}},"branchMap":{"0":{"loc":{"start":{"line":40,"column":0},"end":{"line":44,"column":null}},"type":"if","locations":[{"start":{"line":40,"column":0},"end":{"line":44,"column":null}},{"start":{"line":40,"column":0},"end":{"line":44,"column":null}}]}},"s":{"0":10,"1":2,"2":2,"3":0,"4":2},"f":{"0":2,"1":2},"b":{"0":[0,2]}}
,"/Users/sai/Documents/Projects/Vue.js/tv-shows/src/pages/PageNotFound.vue": {"path":"/Users/sai/Documents/Projects/Vue.js/tv-shows/src/pages/PageNotFound.vue","statementMap":{"0":{"start":{"line":21,"column":0},"end":{"line":21,"column":null}}},"fnMap":{"0":{"name":"(anonymous_1)","decl":{"start":{"line":21,"column":0},"end":{"line":21,"column":null}},"loc":{"start":{"line":21,"column":0},"end":{"line":21,"column":null}}}},"branchMap":{},"s":{"0":1},"f":{"0":1},"b":{}}
,"/Users/sai/Documents/Projects/Vue.js/tv-shows/src/pages/Search.vue": {"path":"/Users/sai/Documents/Projects/Vue.js/tv-shows/src/pages/Search.vue","statementMap":{"0":{"start":{"line":53,"column":0},"end":{"line":53,"column":null}},"1":{"start":{"line":54,"column":0},"end":{"line":54,"column":null}},"2":{"start":{"line":55,"column":0},"end":{"line":55,"column":null}},"3":{"start":{"line":62,"column":0},"end":{"line":62,"column":null}},"4":{"start":{"line":70,"column":0},"end":{"line":70,"column":null}},"5":{"start":{"line":75,"column":0},"end":{"line":75,"column":null}},"6":{"start":{"line":76,"column":0},"end":{"line":76,"column":null}},"7":{"start":{"line":77,"column":0},"end":{"line":79,"column":null}},"8":{"start":{"line":78,"column":0},"end":{"line":78,"column":null}},"9":{"start":{"line":82,"column":0},"end":{"line":87,"column":null}},"10":{"start":{"line":83,"column":0},"end":{"line":83,"column":null}},"11":{"start":{"line":85,"column":0},"end":{"line":85,"column":null}},"12":{"start":{"line":86,"column":0},"end":{"line":86,"column":null}}},"fnMap":{"0":{"name":"(anonymous_1)","decl":{"start":{"line":62,"column":0},"end":{"line":62,"column":null}},"loc":{"start":{"line":62,"column":0},"end":{"line":62,"column":null}}},"1":{"name":"(anonymous_2)","decl":{"start":{"line":69,"column":0},"end":{"line":69,"column":null}},"loc":{"start":{"line":69,"column":0},"end":{"line":71,"column":null}}},"2":{"name":"(anonymous_3)","decl":{"start":{"line":74,"column":0},"end":{"line":74,"column":null}},"loc":{"start":{"line":74,"column":0},"end":{"line":80,"column":null}}},"3":{"name":"(anonymous_4)","decl":{"start":{"line":77,"column":0},"end":{"line":77,"column":null}},"loc":{"start":{"line":77,"column":0},"end":{"line":79,"column":null}}},"4":{"name":"(anonymous_5)","decl":{"start":{"line":81,"column":0},"end":{"line":81,"column":null}},"loc":{"start":{"line":81,"column":0},"end":{"line":88,"column":null}}},"5":{"name":"(anonymous_6)","decl":{"start":{"line":83,"column":0},"end":{"line":83,"column":null}},"loc":{"start":{"line":83,"column":0},"end":{"line":83,"column":null}}}},"branchMap":{"0":{"loc":{"start":{"line":82,"column":0},"end":{"line":87,"column":null}},"type":"if","locations":[{"start":{"line":82,"column":0},"end":{"line":87,"column":null}},{"start":{"line":82,"column":0},"end":{"line":87,"column":null}}]}},"s":{"0":10,"1":10,"2":10,"3":4,"4":4,"5":1,"6":1,"7":1,"8":1,"9":3,"10":1,"11":2,"12":2},"f":{"0":4,"1":4,"2":1,"3":1,"4":3,"5":0},"b":{"0":[1,2]}}
,"/Users/sai/Documents/Projects/Vue.js/tv-shows/src/pages/ShowDetail.vue": {"path":"/Users/sai/Documents/Projects/Vue.js/tv-shows/src/pages/ShowDetail.vue","statementMap":{"0":{"start":{"line":92,"column":0},"end":{"line":92,"column":null}},"1":{"start":{"line":93,"column":0},"end":{"line":93,"column":null}},"2":{"start":{"line":96,"column":0},"end":{"line":96,"column":null}},"3":{"start":{"line":106,"column":0},"end":{"line":106,"column":null}},"4":{"start":{"line":107,"column":0},"end":{"line":114,"column":null}},"5":{"start":{"line":108,"column":0},"end":{"line":108,"column":null}},"6":{"start":{"line":109,"column":0},"end":{"line":109,"column":null}},"7":{"start":{"line":110,"column":0},"end":{"line":110,"column":null}},"8":{"start":{"line":111,"column":0},"end":{"line":111,"column":null}},"9":{"start":{"line":113,"column":0},"end":{"line":113,"column":null}}},"fnMap":{"0":{"name":"(anonymous_1)","decl":{"start":{"line":96,"column":0},"end":{"line":96,"column":null}},"loc":{"start":{"line":96,"column":0},"end":{"line":96,"column":null}}},"1":{"name":"(anonymous_2)","decl":{"start":{"line":105,"column":0},"end":{"line":105,"column":null}},"loc":{"start":{"line":105,"column":0},"end":{"line":115,"column":null}}},"2":{"name":"(anonymous_3)","decl":{"start":{"line":113,"column":0},"end":{"line":113,"column":null}},"loc":{"start":{"line":113,"column":0},"end":{"line":113,"column":null}}}},"branchMap":{"0":{"loc":{"start":{"line":107,"column":0},"end":{"line":114,"column":null}},"type":"if","locations":[{"start":{"line":107,"column":0},"end":{"line":114,"column":null}},{"start":{"line":107,"column":0},"end":{"line":114,"column":null}}]}},"s":{"0":1,"1":1,"2":1,"3":1,"4":1,"5":0,"6":0,"7":0,"8":0,"9":1},"f":{"0":1,"1":1,"2":0},"b":{"0":[0,1]}}
,"/Users/sai/Documents/Projects/Vue.js/tv-shows/src/pages/Shows.vue": {"path":"/Users/sai/Documents/Projects/Vue.js/tv-shows/src/pages/Shows.vue","statementMap":{"0":{"start":{"line":42,"column":0},"end":{"line":42,"column":null}},"1":{"start":{"line":43,"column":0},"end":{"line":43,"column":null}},"2":{"start":{"line":44,"column":0},"end":{"line":44,"column":null}},"3":{"start":{"line":45,"column":0},"end":{"line":45,"column":null}},"4":{"start":{"line":53,"column":0},"end":{"line":53,"column":null}},"5":{"start":{"line":59,"column":0},"end":{"line":59,"column":null}},"6":{"start":{"line":63,"column":0},"end":{"line":67,"column":null}},"7":{"start":{"line":64,"column":0},"end":{"line":64,"column":null}},"8":{"start":{"line":65,"column":0},"end":{"line":65,"column":null}},"9":{"start":{"line":66,"column":0},"end":{"line":66,"column":null}},"10":{"start":{"line":71,"column":0},"end":{"line":71,"column":null}}},"fnMap":{"0":{"name":"(anonymous_1)","decl":{"start":{"line":53,"column":0},"end":{"line":53,"column":null}},"loc":{"start":{"line":53,"column":0},"end":{"line":53,"column":null}}},"1":{"name":"(anonymous_2)","decl":{"start":{"line":58,"column":0},"end":{"line":58,"column":null}},"loc":{"start":{"line":58,"column":0},"end":{"line":60,"column":null}}},"2":{"name":"(anonymous_3)","decl":{"start":{"line":62,"column":0},"end":{"line":62,"column":null}},"loc":{"start":{"line":62,"column":0},"end":{"line":68,"column":null}}},"3":{"name":"(anonymous_4)","decl":{"start":{"line":70,"column":0},"end":{"line":70,"column":null}},"loc":{"start":{"line":70,"column":0},"end":{"line":74,"column":null}}},"4":{"name":"(anonymous_5)","decl":{"start":{"line":71,"column":0},"end":{"line":71,"column":null}},"loc":{"start":{"line":71,"column":0},"end":{"line":71,"column":null}}}},"branchMap":{"0":{"loc":{"start":{"line":63,"column":0},"end":{"line":67,"column":null}},"type":"if","locations":[{"start":{"line":63,"column":0},"end":{"line":67,"column":null}},{"start":{"line":63,"column":0},"end":{"line":67,"column":null}}]},"1":{"loc":{"start":{"line":71,"column":0},"end":{"line":71,"column":null}},"type":"binary-expr","locations":[{"start":{"line":71,"column":0},"end":{"line":71,"column":null}},{"start":{"line":71,"column":0},"end":{"line":71,"column":null}}]}},"s":{"0":10,"1":10,"2":10,"3":10,"4":3,"5":3,"6":3,"7":1,"8":1,"9":1,"10":11},"f":{"0":3,"1":3,"2":3,"3":5,"4":6},"b":{"0":[1,2],"1":[3,3]}}
,"/Users/sai/Documents/Projects/Vue.js/tv-shows/src/router/index.js": {"path":"/Users/sai/Documents/Projects/Vue.js/tv-shows/src/router/index.js","statementMap":{"0":{"start":{"line":6,"column":0},"end":{"line":6,"column":18}},"1":{"start":{"line":7,"column":15},"end":{"line":31,"column":1}},"2":{"start":{"line":18,"column":6},"end":{"line":18,"column":76}},"3":{"start":{"line":24,"column":6},"end":{"line":24,"column":77}},"4":{"start":{"line":33,"column":15},"end":{"line":37,"column":2}}},"fnMap":{"0":{"name":"(anonymous_0)","decl":{"start":{"line":17,"column":15},"end":{"line":17,"column":16}},"loc":{"start":{"line":18,"column":6},"end":{"line":18,"column":76}},"line":18},"1":{"name":"(anonymous_1)","decl":{"start":{"line":23,"column":15},"end":{"line":23,"column":16}},"loc":{"start":{"line":24,"column":6},"end":{"line":24,"column":77}},"line":24}},"branchMap":{},"s":{"0":10,"1":10,"2":2,"3":0,"4":10},"f":{"0":2,"1":0},"b":{},"_coverageSchema":"43e27e138ebf9cfc5966b082cf9a028302ed4184","hash":"8d544420ba45b5189c6a776fe7aba78e3ae00a74"}
,"/Users/sai/Documents/Projects/Vue.js/tv-shows/src/store/index.js": {"path":"/Users/sai/Documents/Projects/Vue.js/tv-shows/src/store/index.js","statementMap":{"0":{"start":{"line":6,"column":0},"end":{"line":6,"column":13}}},"fnMap":{},"branchMap":{},"s":{"0":2},"f":{},"b":{},"_coverageSchema":"43e27e138ebf9cfc5966b082cf9a028302ed4184","hash":"c68343064ebcdc8181b35a4b0eb0079224132a76"}
,"/Users/sai/Documents/Projects/Vue.js/tv-shows/src/store/modules/shows.js": {"path":"/Users/sai/Documents/Projects/Vue.js/tv-shows/src/store/modules/shows.js","statementMap":{"0":{"start":{"line":4,"column":14},"end":{"line":9,"column":1}},"1":{"start":{"line":11,"column":16},"end":{"line":35,"column":1}},"2":{"start":{"line":13,"column":4},"end":{"line":14,"column":67}},"3":{"start":{"line":14,"column":6},"end":{"line":14,"column":66}},"4":{"start":{"line":17,"column":4},"end":{"line":18,"column":68}},"5":{"start":{"line":17,"column":46},"end":{"line":17,"column":69}},"6":{"start":{"line":18,"column":38},"end":{"line":18,"column":67}},"7":{"start":{"line":21,"column":4},"end":{"line":21,"column":27}},"8":{"start":{"line":24,"column":18},"end":{"line":26,"column":8}},"9":{"start":{"line":25,"column":15},"end":{"line":25,"column":42}},"10":{"start":{"line":27,"column":4},"end":{"line":27,"column":54}},"11":{"start":{"line":30,"column":20},"end":{"line":32,"column":8}},"12":{"start":{"line":31,"column":15},"end":{"line":31,"column":38}},"13":{"start":{"line":33,"column":4},"end":{"line":33,"column":58}},"14":{"start":{"line":37,"column":16},"end":{"line":59,"column":1}},"15":{"start":{"line":39,"column":4},"end":{"line":48,"column":6}},"16":{"start":{"line":40,"column":6},"end":{"line":43,"column":7}},"17":{"start":{"line":44,"column":6},"end":{"line":47,"column":7}},"18":{"start":{"line":51,"column":4},"end":{"line":51,"column":119}},"19":{"start":{"line":51,"column":40},"end":{"line":51,"column":83}},"20":{"start":{"line":51,"column":100},"end":{"line":51,"column":118}},"21":{"start":{"line":54,"column":4},"end":{"line":57,"column":40}},"22":{"start":{"line":55,"column":6},"end":{"line":55,"column":47}},"23":{"start":{"line":57,"column":21},"end":{"line":57,"column":39}},"24":{"start":{"line":61,"column":18},"end":{"line":74,"column":1}},"25":{"start":{"line":63,"column":4},"end":{"line":63,"column":22}},"26":{"start":{"line":66,"column":4},"end":{"line":66,"column":23}},"27":{"start":{"line":69,"column":4},"end":{"line":69,"column":27}},"28":{"start":{"line":72,"column":4},"end":{"line":72,"column":27}}},"fnMap":{"0":{"name":"(anonymous_0)","decl":{"start":{"line":12,"column":2},"end":{"line":12,"column":3}},"loc":{"start":{"line":12,"column":19},"end":{"line":15,"column":3}},"line":12},"1":{"name":"(anonymous_1)","decl":{"start":{"line":13,"column":28},"end":{"line":13,"column":29}},"loc":{"start":{"line":14,"column":6},"end":{"line":14,"column":66}},"line":14},"2":{"name":"(anonymous_2)","decl":{"start":{"line":16,"column":2},"end":{"line":16,"column":3}},"loc":{"start":{"line":16,"column":20},"end":{"line":19,"column":3}},"line":16},"3":{"name":"(anonymous_3)","decl":{"start":{"line":17,"column":31},"end":{"line":17,"column":32}},"loc":{"start":{"line":17,"column":46},"end":{"line":17,"column":69}},"line":17},"4":{"name":"(anonymous_4)","decl":{"start":{"line":18,"column":14},"end":{"line":18,"column":15}},"loc":{"start":{"line":18,"column":38},"end":{"line":18,"column":67}},"line":18},"5":{"name":"(anonymous_5)","decl":{"start":{"line":20,"column":2},"end":{"line":20,"column":3}},"loc":{"start":{"line":20,"column":27},"end":{"line":22,"column":3}},"line":20},"6":{"name":"(anonymous_6)","decl":{"start":{"line":23,"column":2},"end":{"line":23,"column":3}},"loc":{"start":{"line":23,"column":30},"end":{"line":28,"column":3}},"line":23},"7":{"name":"(anonymous_7)","decl":{"start":{"line":25,"column":6},"end":{"line":25,"column":7}},"loc":{"start":{"line":25,"column":15},"end":{"line":25,"column":42}},"line":25},"8":{"name":"(anonymous_8)","decl":{"start":{"line":29,"column":2},"end":{"line":29,"column":3}},"loc":{"start":{"line":29,"column":25},"end":{"line":34,"column":3}},"line":29},"9":{"name":"(anonymous_9)","decl":{"start":{"line":31,"column":6},"end":{"line":31,"column":7}},"loc":{"start":{"line":31,"column":15},"end":{"line":31,"column":38}},"line":31},"10":{"name":"(anonymous_10)","decl":{"start":{"line":38,"column":2},"end":{"line":38,"column":3}},"loc":{"start":{"line":38,"column":27},"end":{"line":49,"column":3}},"line":38},"11":{"name":"(anonymous_11)","decl":{"start":{"line":39,"column":30},"end":{"line":39,"column":31}},"loc":{"start":{"line":39,"column":42},"end":{"line":48,"column":5}},"line":39},"12":{"name":"(anonymous_12)","decl":{"start":{"line":50,"column":2},"end":{"line":50,"column":3}},"loc":{"start":{"line":50,"column":30},"end":{"line":52,"column":3}},"line":50},"13":{"name":"(anonymous_13)","decl":{"start":{"line":51,"column":28},"end":{"line":51,"column":29}},"loc":{"start":{"line":51,"column":40},"end":{"line":51,"column":83}},"line":51},"14":{"name":"(anonymous_14)","decl":{"start":{"line":51,"column":91},"end":{"line":51,"column":92}},"loc":{"start":{"line":51,"column":100},"end":{"line":51,"column":118}},"line":51},"15":{"name":"(anonymous_15)","decl":{"start":{"line":53,"column":2},"end":{"line":53,"column":3}},"loc":{"start":{"line":53,"column":36},"end":{"line":58,"column":3}},"line":53},"16":{"name":"(anonymous_16)","decl":{"start":{"line":54,"column":34},"end":{"line":54,"column":35}},"loc":{"start":{"line":54,"column":48},"end":{"line":56,"column":5}},"line":54},"17":{"name":"(anonymous_17)","decl":{"start":{"line":57,"column":12},"end":{"line":57,"column":13}},"loc":{"start":{"line":57,"column":21},"end":{"line":57,"column":39}},"line":57},"18":{"name":"(anonymous_18)","decl":{"start":{"line":62,"column":2},"end":{"line":62,"column":3}},"loc":{"start":{"line":62,"column":29},"end":{"line":64,"column":3}},"line":62},"19":{"name":"(anonymous_19)","decl":{"start":{"line":65,"column":2},"end":{"line":65,"column":3}},"loc":{"start":{"line":65,"column":30},"end":{"line":67,"column":3}},"line":65},"20":{"name":"(anonymous_20)","decl":{"start":{"line":68,"column":2},"end":{"line":68,"column":3}},"loc":{"start":{"line":68,"column":35},"end":{"line":70,"column":3}},"line":68},"21":{"name":"(anonymous_21)","decl":{"start":{"line":71,"column":2},"end":{"line":71,"column":3}},"loc":{"start":{"line":71,"column":33},"end":{"line":73,"column":3}},"line":71}},"branchMap":{"0":{"loc":{"start":{"line":14,"column":6},"end":{"line":14,"column":66}},"type":"cond-expr","locations":[{"start":{"line":14,"column":60},"end":{"line":14,"column":61}},{"start":{"line":14,"column":64},"end":{"line":14,"column":66}}],"line":14},"1":{"loc":{"start":{"line":27,"column":11},"end":{"line":27,"column":54}},"type":"cond-expr","locations":[{"start":{"line":27,"column":19},"end":{"line":27,"column":49}},{"start":{"line":27,"column":52},"end":{"line":27,"column":54}}],"line":27},"2":{"loc":{"start":{"line":33,"column":11},"end":{"line":33,"column":58}},"type":"cond-expr","locations":[{"start":{"line":33,"column":21},"end":{"line":33,"column":53}},{"start":{"line":33,"column":56},"end":{"line":33,"column":58}}],"line":33}},"s":{"0":3,"1":3,"2":1,"3":0,"4":1,"5":1,"6":1,"7":1,"8":1,"9":1,"10":1,"11":0,"12":0,"13":0,"14":3,"15":1,"16":0,"17":0,"18":1,"19":0,"20":0,"21":1,"22":0,"23":0,"24":3,"25":1,"26":1,"27":1,"28":1},"f":{"0":1,"1":0,"2":1,"3":1,"4":1,"5":1,"6":1,"7":1,"8":0,"9":0,"10":1,"11":0,"12":1,"13":0,"14":0,"15":1,"16":0,"17":0,"18":1,"19":1,"20":1,"21":1},"b":{"0":[0,0],"1":[1,0],"2":[0,0]},"_coverageSchema":"43e27e138ebf9cfc5966b082cf9a028302ed4184","hash":"ec1700aa045f9d0f865b0a8ac7a674e1cdf27831"}
}
