TN:
SF:/Users/sai/Documents/Projects/Vue.js/tv-shows/src/App.vue
FN:23,(anonymous_1)
FNF:1
FNH:1
FNDA:6,(anonymous_1)
DA:14,1
DA:15,1
DA:23,6
LF:3
LH:3
BRF:0
BRH:0
end_of_record
TN:
SF:/Users/sai/Documents/Projects/Vue.js/tv-shows/src/api/index.js
FN:14,(anonymous_0)
FN:21,(anonymous_1)
FNF:2
FNH:2
FNDA:1,(anonymous_0)
FNDA:1,(anonymous_1)
DA:4,10
DA:13,10
DA:15,1
DA:16,1
DA:18,0
DA:22,1
DA:23,1
DA:24,1
DA:26,1
DA:27,1
DA:28,1
DA:30,1
LF:12
LH:11
BRDA:15,0,0,1
BRDA:15,0,1,0
BRDA:23,1,0,1
BRDA:23,1,1,0
BRDA:24,2,0,1
BRF:5
BRH:3
end_of_record
TN:
SF:/Users/sai/Documents/Projects/Vue.js/tv-shows/src/api/search.api.js
FN:6,getSearchShowsData
FNF:1
FNH:1
FNDA:1,getSearchShowsData
DA:3,10
DA:7,1
LF:2
LH:2
BRF:0
BRH:0
end_of_record
TN:
SF:/Users/sai/Documents/Projects/Vue.js/tv-shows/src/api/shows.api.js
FN:6,getAllShows
FN:11,getShow
FN:16,getShowImages
FNF:3
FNH:3
FNDA:1,getAllShows
FNDA:1,getShow
FNDA:1,getShowImages
DA:3,3
DA:7,1
DA:12,1
DA:17,1
LF:4
LH:4
BRF:0
BRH:0
end_of_record
TN:
SF:/Users/sai/Documents/Projects/Vue.js/tv-shows/src/components/FeaturedShows.vue
FN:66,(anonymous_1)
FNF:1
FNH:1
FNDA:1,(anonymous_1)
DA:67,1
LF:1
LH:1
BRF:0
BRH:0
end_of_record
TN:
SF:/Users/sai/Documents/Projects/Vue.js/tv-shows/src/components/Header.vue
FN:49,(anonymous_1)
FNF:1
FNH:1
FNDA:1,(anonymous_1)
DA:45,2
DA:49,1
LF:2
LH:2
BRF:0
BRH:0
end_of_record
TN:
SF:/Users/sai/Documents/Projects/Vue.js/tv-shows/src/components/ShowsCard.vue
FN:36,(anonymous_1)
FN:39,(anonymous_2)
FNF:2
FNH:2
FNDA:2,(anonymous_1)
FNDA:2,(anonymous_2)
DA:30,10
DA:36,2
DA:40,2
DA:41,0
DA:43,2
LF:5
LH:4
BRDA:40,0,0,0
BRDA:40,0,1,2
BRF:2
BRH:1
end_of_record
TN:
SF:/Users/sai/Documents/Projects/Vue.js/tv-shows/src/pages/PageNotFound.vue
FN:21,(anonymous_1)
FNF:1
FNH:1
FNDA:1,(anonymous_1)
DA:21,1
LF:1
LH:1
BRF:0
BRH:0
end_of_record
TN:
SF:/Users/sai/Documents/Projects/Vue.js/tv-shows/src/pages/Search.vue
FN:62,(anonymous_1)
FN:69,(anonymous_2)
FN:74,(anonymous_3)
FN:77,(anonymous_4)
FN:81,(anonymous_5)
FN:83,(anonymous_6)
FNF:6
FNH:5
FNDA:4,(anonymous_1)
FNDA:4,(anonymous_2)
FNDA:1,(anonymous_3)
FNDA:1,(anonymous_4)
FNDA:3,(anonymous_5)
FNDA:0,(anonymous_6)
DA:53,10
DA:54,10
DA:55,10
DA:62,4
DA:70,4
DA:75,1
DA:76,1
DA:77,1
DA:78,1
DA:82,3
DA:83,1
DA:85,2
DA:86,2
LF:13
LH:13
BRDA:82,0,0,1
BRDA:82,0,1,2
BRF:2
BRH:2
end_of_record
TN:
SF:/Users/sai/Documents/Projects/Vue.js/tv-shows/src/pages/ShowDetail.vue
FN:96,(anonymous_1)
FN:104,(anonymous_2)
FN:107,(anonymous_3)
FN:112,(anonymous_4)
FN:115,(anonymous_5)
FN:121,(anonymous_6)
FN:128,(anonymous_7)
FNF:7
FNH:7
FNDA:7,(anonymous_1)
FNDA:7,(anonymous_2)
FNDA:10,(anonymous_3)
FNDA:7,(anonymous_4)
FNDA:10,(anonymous_5)
FNDA:7,(anonymous_6)
FNDA:6,(anonymous_7)
DA:92,1
DA:93,1
DA:96,7
DA:105,8
DA:107,16
DA:110,6
DA:113,8
DA:115,16
DA:118,6
DA:122,7
DA:123,7
DA:124,0
DA:125,0
DA:126,0
DA:128,7
LF:15
LH:12
BRDA:105,0,0,1
BRDA:105,0,1,6
BRDA:110,1,0,5
BRDA:110,1,1,1
BRDA:113,2,0,1
BRDA:113,2,1,6
BRDA:118,3,0,5
BRDA:118,3,1,1
BRDA:123,4,0,0
BRDA:123,4,1,7
BRF:10
BRH:9
end_of_record
TN:
SF:/Users/sai/Documents/Projects/Vue.js/tv-shows/src/pages/Shows.vue
FN:53,(anonymous_1)
FN:58,(anonymous_2)
FN:62,(anonymous_3)
FN:70,(anonymous_4)
FN:71,(anonymous_5)
FNF:5
FNH:5
FNDA:3,(anonymous_1)
FNDA:3,(anonymous_2)
FNDA:3,(anonymous_3)
FNDA:5,(anonymous_4)
FNDA:6,(anonymous_5)
DA:42,10
DA:43,10
DA:44,10
DA:45,10
DA:53,3
DA:59,3
DA:63,3
DA:64,1
DA:65,1
DA:66,1
DA:71,11
LF:11
LH:11
BRDA:63,0,0,1
BRDA:63,0,1,2
BRDA:71,1,0,3
BRDA:71,1,1,3
BRF:4
BRH:4
end_of_record
TN:
SF:/Users/sai/Documents/Projects/Vue.js/tv-shows/src/router/index.js
FN:17,(anonymous_0)
FN:23,(anonymous_1)
FNF:2
FNH:1
FNDA:2,(anonymous_0)
FNDA:0,(anonymous_1)
DA:6,10
DA:7,10
DA:18,2
DA:24,0
DA:33,10
LF:5
LH:4
BRF:0
BRH:0
end_of_record
TN:
SF:/Users/sai/Documents/Projects/Vue.js/tv-shows/src/store/index.js
FNF:0
FNH:0
DA:6,2
LF:1
LH:1
BRF:0
BRH:0
end_of_record
TN:
SF:/Users/sai/Documents/Projects/Vue.js/tv-shows/src/store/modules/shows.js
FN:12,(anonymous_0)
FN:13,(anonymous_1)
FN:16,(anonymous_2)
FN:17,(anonymous_3)
FN:18,(anonymous_4)
FN:20,(anonymous_5)
FN:23,(anonymous_6)
FN:29,(anonymous_7)
FN:30,(anonymous_8)
FN:41,(anonymous_9)
FN:42,(anonymous_10)
FN:42,(anonymous_11)
FN:44,(anonymous_12)
FN:45,(anonymous_13)
FN:48,(anonymous_14)
FN:53,(anonymous_15)
FN:56,(anonymous_16)
FN:59,(anonymous_17)
FN:62,(anonymous_18)
FNF:19
FNH:7
FNDA:0,(anonymous_0)
FNDA:0,(anonymous_1)
FNDA:0,(anonymous_2)
FNDA:0,(anonymous_3)
FNDA:0,(anonymous_4)
FNDA:0,(anonymous_5)
FNDA:0,(anonymous_6)
FNDA:1,(anonymous_7)
FNDA:0,(anonymous_8)
FNDA:1,(anonymous_9)
FNDA:0,(anonymous_10)
FNDA:0,(anonymous_11)
FNDA:1,(anonymous_12)
FNDA:0,(anonymous_13)
FNDA:0,(anonymous_14)
FNDA:1,(anonymous_15)
FNDA:1,(anonymous_16)
FNDA:1,(anonymous_17)
FNDA:1,(anonymous_18)
DA:4,3
DA:11,3
DA:13,0
DA:14,0
DA:17,0
DA:18,0
DA:21,0
DA:24,0
DA:28,3
DA:30,1
DA:31,0
DA:35,0
DA:42,1
DA:45,1
DA:46,0
DA:48,0
DA:52,3
DA:54,1
DA:57,1
DA:60,1
DA:63,1
LF:21
LH:11
BRDA:14,0,0,0
BRDA:14,0,1,0
BRF:2
BRH:0
end_of_record
