TN:
SF:/Users/sai/Documents/Projects/Vue.js/tv-shows/src/App.vue
FN:28,(anonymous_1)
FN:35,(anonymous_2)
FNF:2
FNH:1
FNDA:0,(anonymous_1)
FNDA:6,(anonymous_2)
DA:15,1
DA:16,1
DA:17,1
DA:18,1
DA:29,0
DA:35,6
LF:6
LH:5
BRF:0
BRH:0
end_of_record
TN:
SF:/Users/sai/Documents/Projects/Vue.js/tv-shows/src/api/index.js
FN:14,(anonymous_0)
FN:21,(anonymous_1)
FNF:2
FNH:2
FNDA:1,(anonymous_0)
FNDA:1,(anonymous_1)
DA:4,10
DA:13,10
DA:15,1
DA:16,1
DA:18,0
DA:22,1
DA:23,1
DA:24,1
DA:25,1
DA:27,1
DA:28,1
DA:29,1
DA:31,1
LF:13
LH:12
BRDA:15,0,0,1
BRDA:15,0,1,0
BRDA:24,1,0,1
BRDA:24,1,1,0
BRDA:25,2,0,1
BRF:5
BRH:3
end_of_record
TN:
SF:/Users/sai/Documents/Projects/Vue.js/tv-shows/src/api/search.api.js
FN:6,getSearchShowsData
FNF:1
FNH:1
FNDA:1,getSearchShowsData
DA:3,2
DA:7,1
LF:2
LH:2
BRF:0
BRH:0
end_of_record
TN:
SF:/Users/sai/Documents/Projects/Vue.js/tv-shows/src/api/shows.api.js
FN:6,getAllShows
FN:11,getShow
FN:16,getShowImages
FNF:3
FNH:3
FNDA:1,getAllShows
FNDA:1,getShow
FNDA:1,getShowImages
DA:3,3
DA:7,1
DA:12,1
DA:17,1
LF:4
LH:4
BRF:0
BRH:0
end_of_record
TN:
SF:/Users/sai/Documents/Projects/Vue.js/tv-shows/src/components/FeaturedShows.vue
FN:67,(anonymous_1)
FNF:1
FNH:1
FNDA:1,(anonymous_1)
DA:68,1
LF:1
LH:1
BRF:0
BRH:0
end_of_record
TN:
SF:/Users/sai/Documents/Projects/Vue.js/tv-shows/src/components/Header.vue
FN:48,(anonymous_1)
FNF:1
FNH:1
FNDA:1,(anonymous_1)
DA:44,2
DA:48,1
LF:2
LH:2
BRF:0
BRH:0
end_of_record
TN:
SF:/Users/sai/Documents/Projects/Vue.js/tv-shows/src/components/Search.vue
FN:67,(anonymous_1)
FN:78,(anonymous_2)
FN:83,(anonymous_3)
FN:86,(anonymous_4)
FN:90,(anonymous_5)
FN:92,(anonymous_6)
FNF:6
FNH:4
FNDA:6,(anonymous_1)
FNDA:1,(anonymous_2)
FNDA:1,(anonymous_3)
FNDA:0,(anonymous_4)
FNDA:2,(anonymous_5)
FNDA:0,(anonymous_6)
DA:58,2
DA:59,2
DA:60,2
DA:67,6
DA:79,1
DA:80,1
DA:81,1
DA:84,1
DA:85,1
DA:86,1
DA:87,0
DA:91,2
DA:92,1
DA:94,1
LF:14
LH:13
BRDA:91,0,0,1
BRDA:91,0,1,1
BRF:2
BRH:2
end_of_record
TN:
SF:/Users/sai/Documents/Projects/Vue.js/tv-shows/src/components/ShowsCard.vue
FN:36,(anonymous_1)
FN:39,(anonymous_2)
FNF:2
FNH:2
FNDA:1,(anonymous_1)
FNDA:1,(anonymous_2)
DA:30,10
DA:36,1
DA:40,1
DA:41,0
DA:43,1
DA:44,1
LF:6
LH:5
BRDA:40,0,0,0
BRDA:40,0,1,1
BRF:2
BRH:1
end_of_record
TN:
SF:/Users/sai/Documents/Projects/Vue.js/tv-shows/src/pages/PageNotFound.vue
FN:21,(anonymous_1)
FNF:1
FNH:1
FNDA:1,(anonymous_1)
DA:21,1
LF:1
LH:1
BRF:0
BRH:0
end_of_record
TN:
SF:/Users/sai/Documents/Projects/Vue.js/tv-shows/src/pages/ShowDetail.vue
FN:90,(anonymous_1)
FN:100,(anonymous_2)
FN:103,(anonymous_3)
FN:108,(anonymous_4)
FN:111,(anonymous_5)
FN:117,(anonymous_6)
FN:131,(anonymous_7)
FNF:7
FNH:7
FNDA:8,(anonymous_1)
FNDA:8,(anonymous_2)
FNDA:12,(anonymous_3)
FNDA:8,(anonymous_4)
FNDA:12,(anonymous_5)
FNDA:8,(anonymous_6)
FNDA:1,(anonymous_7)
DA:86,1
DA:87,1
DA:90,8
DA:101,9
DA:103,19
DA:106,7
DA:109,9
DA:111,19
DA:114,7
DA:118,8
DA:119,8
DA:120,0
DA:121,0
DA:122,0
DA:123,0
DA:125,8
DA:132,1
DA:133,1
DA:134,1
DA:135,1
DA:136,1
DA:137,1
DA:138,1
DA:140,0
LF:24
LH:19
BRDA:101,0,0,1
BRDA:101,0,1,7
BRDA:106,1,0,6
BRDA:106,1,1,1
BRDA:109,2,0,1
BRDA:109,2,1,7
BRDA:114,3,0,6
BRDA:114,3,1,1
BRDA:119,4,0,0
BRDA:119,4,1,8
BRDA:133,5,0,1
BRDA:133,5,1,0
BRF:12
BRH:10
end_of_record
TN:
SF:/Users/sai/Documents/Projects/Vue.js/tv-shows/src/pages/Shows.vue
FN:53,(anonymous_1)
FN:59,(anonymous_2)
FN:63,(anonymous_3)
FN:72,(anonymous_4)
FN:73,(anonymous_5)
FNF:5
FNH:5
FNDA:3,(anonymous_1)
FNDA:3,(anonymous_2)
FNDA:3,(anonymous_3)
FNDA:5,(anonymous_4)
FNDA:6,(anonymous_5)
DA:42,10
DA:43,10
DA:44,10
DA:45,10
DA:53,3
DA:60,3
DA:64,3
DA:65,1
DA:66,1
DA:67,1
DA:73,11
LF:11
LH:11
BRDA:64,0,0,1
BRDA:64,0,1,2
BRDA:73,1,0,3
BRDA:73,1,1,3
BRF:4
BRH:4
end_of_record
TN:
SF:/Users/sai/Documents/Projects/Vue.js/tv-shows/src/router/index.js
FN:16,(anonymous_0)
FN:22,(anonymous_1)
FNF:2
FNH:1
FNDA:2,(anonymous_0)
FNDA:0,(anonymous_1)
DA:5,10
DA:6,10
DA:17,2
DA:23,0
DA:27,10
LF:5
LH:4
BRF:0
BRH:0
end_of_record
TN:
SF:/Users/sai/Documents/Projects/Vue.js/tv-shows/src/store/index.js
FNF:0
FNH:0
DA:8,2
LF:1
LH:1
BRF:0
BRH:0
end_of_record
TN:
SF:/Users/sai/Documents/Projects/Vue.js/tv-shows/src/store/modules/search.js
FN:6,(anonymous_0)
FN:12,(anonymous_1)
FNF:2
FNH:2
FNDA:1,(anonymous_0)
FNDA:1,(anonymous_1)
DA:1,2
DA:5,2
DA:7,1
DA:11,2
DA:13,1
LF:5
LH:5
BRF:0
BRH:0
end_of_record
TN:
SF:/Users/sai/Documents/Projects/Vue.js/tv-shows/src/store/modules/shows.js
FN:19,(anonymous_0)
FN:22,(anonymous_1)
FN:25,(anonymous_2)
FN:28,(anonymous_3)
FN:34,(anonymous_4)
FN:35,(anonymous_5)
FN:38,(anonymous_6)
FN:45,(anonymous_7)
FN:46,(anonymous_8)
FN:50,(anonymous_9)
FN:51,(anonymous_10)
FN:53,(anonymous_11)
FN:54,(anonymous_12)
FN:62,(anonymous_13)
FN:65,(anonymous_14)
FN:68,(anonymous_15)
FN:71,(anonymous_16)
FNF:17
FNH:7
FNDA:0,(anonymous_0)
FNDA:0,(anonymous_1)
FNDA:0,(anonymous_2)
FNDA:0,(anonymous_3)
FNDA:1,(anonymous_4)
FNDA:0,(anonymous_5)
FNDA:0,(anonymous_6)
FNDA:0,(anonymous_7)
FNDA:0,(anonymous_8)
FNDA:1,(anonymous_9)
FNDA:0,(anonymous_10)
FNDA:1,(anonymous_11)
FNDA:0,(anonymous_12)
FNDA:1,(anonymous_13)
FNDA:1,(anonymous_14)
FNDA:1,(anonymous_15)
FNDA:1,(anonymous_16)
DA:11,3
DA:18,3
DA:20,0
DA:23,0
DA:26,0
DA:29,0
DA:33,3
DA:35,1
DA:36,0
DA:39,0
DA:42,0
DA:45,0
DA:46,0
DA:51,1
DA:54,1
DA:55,0
DA:61,3
DA:63,1
DA:66,1
DA:69,1
DA:72,1
LF:21
LH:11
BRDA:39,0,0,0
BRDA:39,0,1,0
BRF:2
BRH:0
end_of_record
